<?xml version="1.0" encoding="UTF-8"?>
<!-- Generated by org.testng.reporters.JUnitXMLReporter -->
<testsuite hostname="M1508486.local" name="Default test" tests="4" failures="0" timestamp="29 Jan 2019 19:56:05 GMT" time="37.612" errors="0">
  <testcase name="createNewConsignment" time="9.905" classname="admin.sothelabs.testCases.Consignment"/>
  <testcase name="editConsignment" time="9.197" classname="admin.sothelabs.testCases.Consignment"/>
  <testcase name="addObjectsToConsignment" time="13.383" classname="admin.sothelabs.testCases.Consignment"/>
  <testcase name="removeObjectsFromConsignment" time="5.115" classname="admin.sothelabs.testCases.Consignment"/>
</testsuite> <!-- Default test -->
