<?xml version="1.0" encoding="UTF-8"?>
<!-- Generated by org.testng.reporters.JUnitXMLReporter -->
<testsuite hostname="M1508486.local" name="AdminTest" tests="5" failures="0" timestamp="1 Feb 2019 16:40:40 GMT" time="77.346" errors="0">
  <testcase name="createAuction" time="24.019" classname="admin.sothelabs.testCases.Auction"/>
  <testcase name="editAuction" time="3.411" classname="admin.sothelabs.testCases.Auction"/>
  <testcase name="publishAuction" time="6.972" classname="admin.sothelabs.testCases.Auction"/>
  <testcase name="addAndRemoveLots" time="19.49" classname="admin.sothelabs.testCases.Auction"/>
  <testcase name="addAndPublishLots" time="23.439" classname="admin.sothelabs.testCases.Auction"/>
</testsuite> <!-- AdminTest -->
