<?xml version="1.0" encoding="UTF-8"?>
<!-- Generated by org.testng.reporters.JUnitXMLReporter -->
<testsuite hostname="M1508486.local" name="AdminTest" tests="3" failures="0" timestamp="7 Jan 2019 18:46:01 GMT" time="89.27" errors="0">
  <testcase name="createAndPublishAuction" time="45.155" classname="admin.sothelabs.testCases.Auction"/>
  <testcase name="addAndRemoveLots" time="21.276" classname="admin.sothelabs.testCases.Auction"/>
  <testcase name="addAndPublishLots" time="22.827" classname="admin.sothelabs.testCases.Auction"/>
</testsuite> <!-- AdminTest -->
