<?xml version="1.0" encoding="UTF-8"?>
<!-- Generated by org.testng.reporters.JUnitXMLReporter -->
<testsuite hostname="M1508486.local" name="AdminSmokeTest" tests="9" failures="0" timestamp="7 Jan 2019 20:49:56 GMT" time="150.584" errors="0">
  <testcase name="createNewObject" time="19.717" classname="admin.sothelabs.testCases.CreateObject"/>
  <testcase name="editAndSaveObject" time="28.473" classname="admin.sothelabs.testCases.CreateObject"/>
  <testcase name="createNewConsignment" time="4.612" classname="admin.sothelabs.testCases.Consignment"/>
  <testcase name="editConsignment" time="9.483" classname="admin.sothelabs.testCases.Consignment"/>
  <testcase name="addObjectsToConsignment" time="14.233" classname="admin.sothelabs.testCases.Consignment"/>
  <testcase name="removeObjectsFromConsignment" time="5.079" classname="admin.sothelabs.testCases.Consignment"/>
  <testcase name="createAndPublishAuction" time="24.025" classname="admin.sothelabs.testCases.Auction"/>
  <testcase name="addAndRemoveLots" time="22.576" classname="admin.sothelabs.testCases.Auction"/>
  <testcase name="addAndPublishLots" time="22.359" classname="admin.sothelabs.testCases.Auction"/>
</testsuite> <!-- AdminSmokeTest -->
