<?xml version="1.0" encoding="UTF-8"?>
<!-- Generated by org.testng.reporters.JUnitXMLReporter -->
<testsuite hostname="M1508486.local" name="AdminSmokeTest" tests="11" failures="0" timestamp="14 Jan 2019 20:09:32 GMT" time="173.378" errors="0">
  <testcase name="createNewObject" time="19.031" classname="admin.sothelabs.testCases.CreateObject"/>
  <testcase name="editObject" time="26.656" classname="admin.sothelabs.testCases.CreateObject"/>
  <testcase name="createNewConsignment" time="10.392" classname="admin.sothelabs.testCases.Consignment"/>
  <testcase name="editConsignment" time="9.13" classname="admin.sothelabs.testCases.Consignment"/>
  <testcase name="addObjectsToConsignment" time="14.364" classname="admin.sothelabs.testCases.Consignment"/>
  <testcase name="removeObjectsFromConsignment" time="4.866" classname="admin.sothelabs.testCases.Consignment"/>
  <testcase name="createAuction" time="24.503" classname="admin.sothelabs.testCases.Auction"/>
  <testcase name="editAuction" time="3.675" classname="admin.sothelabs.testCases.Auction"/>
  <testcase name="publishAuction" time="7.267" classname="admin.sothelabs.testCases.Auction"/>
  <testcase name="addAndRemoveLots" time="21.362" classname="admin.sothelabs.testCases.Auction"/>
  <testcase name="addAndPublishLots" time="23.654" classname="admin.sothelabs.testCases.Auction"/>
</testsuite> <!-- AdminSmokeTest -->
